[debug] [2025-07-28T07:41:09.259Z] ----------------------------------------------------------------------
[debug] [2025-07-28T07:41:09.268Z] Command:       C:\Program Files\nodejs\node.exe C:\Users\Abhinav\AppData\Roaming\npm\node_modules\firebase-tools\lib\bin\firebase.js init hosting
[debug] [2025-07-28T07:41:09.269Z] CLI Version:   14.11.1
[debug] [2025-07-28T07:41:09.269Z] Platform:      win32
[debug] [2025-07-28T07:41:09.269Z] Node Version:  v22.16.0
[debug] [2025-07-28T07:41:09.269Z] Time:          Mon Jul 28 2025 13:11:09 GMT+0530 (India Standard Time)
[debug] [2025-07-28T07:41:09.270Z] ----------------------------------------------------------------------
[debug] 
[debug] [2025-07-28T07:41:09.278Z] > command requires scopes: ["email","openid","https://www.googleapis.com/auth/cloudplatformprojects.readonly","https://www.googleapis.com/auth/firebase","https://www.googleapis.com/auth/cloud-platform"]
[debug] [2025-07-28T07:41:09.279Z] > authorizing via signed-in user (abhinav.narahari031@nmims.edu.in)
[info] 
     ######## #### ########  ######## ########     ###     ######  ########
     ##        ##  ##     ## ##       ##     ##  ##   ##  ##       ##
     ######    ##  ########  ######   ########  #########  ######  ######
     ##        ##  ##    ##  ##       ##     ## ##     ##       ## ##
     ##       #### ##     ## ######## ########  ##     ##  ######  ########

You're about to initialize a Firebase project in this directory:

  C:\xampp\htdocs\WP_Project

Before we get started, keep in mind:

  * You are currently outside your home directory

[info] 
=== Project Setup
[info] 
[info] First, let's associate this project directory with a Firebase project.
[info] You can create multiple project aliases by running firebase use --add, 
[info] but for now we'll just set up a default project.
[info] 
[debug] [2025-07-28T07:41:17.606Z] Checked if tokens are valid: true, expires at: 1753692032461
[debug] [2025-07-28T07:41:17.607Z] Checked if tokens are valid: true, expires at: 1753692032461
[debug] [2025-07-28T07:41:17.608Z] >>> [apiv2][query] GET https://firebase.googleapis.com/v1beta1/projects pageSize=100
[debug] [2025-07-28T07:41:18.577Z] <<< [apiv2][status] GET https://firebase.googleapis.com/v1beta1/projects 200
[debug] [2025-07-28T07:41:18.577Z] <<< [apiv2][body] GET https://firebase.googleapis.com/v1beta1/projects [omitted]
[info] i  Using project carebloom-66c10 (Healthcare) 
[info] 
=== Hosting Setup
[debug] [2025-07-28T07:41:24.134Z] Checked if tokens are valid: true, expires at: 1753692032461
[debug] [2025-07-28T07:41:24.134Z] Checked if tokens are valid: true, expires at: 1753692032461
[debug] [2025-07-28T07:41:24.134Z] >>> [apiv2][query] GET https://firebase.googleapis.com/v1beta1/projects/carebloom-66c10 [none]
[debug] [2025-07-28T07:41:24.747Z] <<< [apiv2][status] GET https://firebase.googleapis.com/v1beta1/projects/carebloom-66c10 200
[debug] [2025-07-28T07:41:24.747Z] <<< [apiv2][body] GET https://firebase.googleapis.com/v1beta1/projects/carebloom-66c10 {"projectId":"carebloom-66c10","projectNumber":"308592455332","displayName":"Healthcare","name":"projects/carebloom-66c10","resources":{"hostingSite":"carebloom-66c10"},"state":"ACTIVE","etag":"1_9b1fbc22-7c6e-4edb-bddf-afd1d94ddde8"}
[info] 
[info] Your public directory is the folder (relative to your project directory) that
[info] will contain Hosting assets to be uploaded with firebase deploy. If you
[info] have a build process for your assets, use your build's output directory.
[info] 
[debug] [2025-07-28T07:42:20.769Z] >>> [apiv2][query] GET https://www.gstatic.com/firebasejs/releases.json [none]
[debug] [2025-07-28T07:42:20.890Z] <<< [apiv2][status] GET https://www.gstatic.com/firebasejs/releases.json 200
[debug] [2025-07-28T07:42:20.891Z] <<< [apiv2][body] GET https://www.gstatic.com/firebasejs/releases.json {"current":{"version":"12.0.0","browserURL":"https://www.gstatic.com/firebasejs/12.0.0/firebase.js","packageURL":"https://www.gstatic.com/firebasejs/12.0.0/firebase.tgz"},"live":{"version":"12.0","browserURL":"https://www.gstatic.com/firebasejs/live/12.0/firebase.js","packageURL":"https://www.gstatic.com/firebasejs/live/12.0/firebase.tgz"},"components":{"ai":"https://www.gstatic.com/firebasejs/12.0.0/firebase-ai.js","analytics":"https://www.gstatic.com/firebasejs/12.0.0/firebase-analytics.js","app":"https://www.gstatic.com/firebasejs/12.0.0/firebase-app.js","app-check":"https://www.gstatic.com/firebasejs/12.0.0/firebase-app-check.js","auth":"https://www.gstatic.com/firebasejs/12.0.0/firebase-auth.js","auth/cordova":"https://www.gstatic.com/firebasejs/12.0.0/firebase-auth/cordova.js","auth/web-extension":"https://www.gstatic.com/firebasejs/12.0.0/firebase-auth/web-extension.js","functions":"https://www.gstatic.com/firebasejs/12.0.0/firebase-functions.js","firestore":"https://www.gstatic.com/firebasejs/12.0.0/firebase-firestore.js","firestore/lite":"https://www.gstatic.com/firebasejs/12.0.0/firebase-firestore/lite.js","installations":"https://www.gstatic.com/firebasejs/12.0.0/firebase-installations.js","storage":"https://www.gstatic.com/firebasejs/12.0.0/firebase-storage.js","performance":"https://www.gstatic.com/firebasejs/12.0.0/firebase-performance.js","remote-config":"https://www.gstatic.com/firebasejs/12.0.0/firebase-remote-config.js","messaging":"https://www.gstatic.com/firebasejs/12.0.0/firebase-messaging.js","messaging/sw":"https://www.gstatic.com/firebasejs/12.0.0/firebase-messaging/sw.js","database":"https://www.gstatic.com/firebasejs/12.0.0/firebase-database.js","data-connect":"https://www.gstatic.com/firebasejs/12.0.0/firebase-data-connect.js","firestore.memory":"https://www.gstatic.com/firebasejs/12.0.0/firebase-firestore.memory.js"}}
[info] +  Wrote y/index.html 
[info] 
[info] i  Didn't detect a .git folder. Assuming C:\xampp\htdocs\WP_Project is the project root. 
[info] i  Authorizing with GitHub to upload your service account to a GitHub repository's secrets store. 
[info] 
[info] Visit this URL on this device to log in:
[info] https://github.com/login/oauth/authorize?client_id=89cf50f02ac6aaed3484&state=202467622&redirect_uri=http%3A%2F%2Flocalhost%3A9005&scope=read%3Auser%20repo%20public_repo
[info] 
[info] Waiting for authentication...
[debug] [2025-07-28T07:42:51.248Z] >>> [apiv2][query] POST https://github.com/login/oauth/access_token [none]
[debug] [2025-07-28T07:42:51.248Z] >>> [apiv2][body] POST https://github.com/login/oauth/access_token [stream]
[debug] [2025-07-28T07:42:51.708Z] <<< [apiv2][status] POST https://github.com/login/oauth/access_token 200
[debug] [2025-07-28T07:42:51.708Z] <<< [apiv2][body] POST https://github.com/login/oauth/access_token {"access_token":"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","token_type":"bearer","scope":"read:user,repo"}
[debug] [2025-07-28T07:42:51.718Z] >>> [apiv2][query] GET https://api.github.com/user [none]
[debug] [2025-07-28T07:42:52.568Z] <<< [apiv2][status] GET https://api.github.com/user 200
[debug] [2025-07-28T07:42:52.568Z] <<< [apiv2][body] GET https://api.github.com/user {"login":"NarahariAbhinav","id":164619132,"node_id":"U_kgDOCc_jfA","avatar_url":"https://avatars.githubusercontent.com/u/164619132?v=4","gravatar_id":"","url":"https://api.github.com/users/NarahariAbhinav","html_url":"https://github.com/NarahariAbhinav","followers_url":"https://api.github.com/users/NarahariAbhinav/followers","following_url":"https://api.github.com/users/NarahariAbhinav/following{/other_user}","gists_url":"https://api.github.com/users/NarahariAbhinav/gists{/gist_id}","starred_url":"https://api.github.com/users/NarahariAbhinav/starred{/owner}{/repo}","subscriptions_url":"https://api.github.com/users/NarahariAbhinav/subscriptions","organizations_url":"https://api.github.com/users/NarahariAbhinav/orgs","repos_url":"https://api.github.com/users/NarahariAbhinav/repos","events_url":"https://api.github.com/users/NarahariAbhinav/events{/privacy}","received_events_url":"https://api.github.com/users/NarahariAbhinav/received_events","type":"User","user_view_type":"private","site_admin":false,"name":"Narahari Abhinav","company":null,"blog":"","location":null,"email":null,"hireable":null,"bio":null,"twitter_username":null,"notification_email":null,"public_repos":4,"public_gists":0,"followers":0,"following":0,"created_at":"2024-03-23T08:55:21Z","updated_at":"2025-07-14T16:20:25Z","private_gists":0,"total_private_repos":1,"owned_private_repos":1,"disk_usage":6126,"collaborators":1,"two_factor_authentication":false,"plan":{"name":"free","space":976562499,"collaborators":0,"private_repos":10000}}
[info] 
[info] +  Success! Logged into GitHub as NarahariAbhinav 
[info] 
[debug] [2025-07-28T07:43:52.668Z] >>> [apiv2][query] GET https://api.github.com/repos/NarahariAbhinav/healthcare/actions/secrets/public-key type=owner
[debug] [2025-07-28T07:43:53.063Z] <<< [apiv2][status] GET https://api.github.com/repos/NarahariAbhinav/healthcare/actions/secrets/public-key 404
[debug] [2025-07-28T07:43:53.064Z] <<< [apiv2][body] GET https://api.github.com/repos/NarahariAbhinav/healthcare/actions/secrets/public-key {"message":"Not Found","documentation_url":"https://docs.github.com/rest/actions/secrets#get-a-repository-public-key","status":"404"}
[info] 
[info] 
[error] !  The provided authorization cannot be used with this repository. If this repository is in an organization, did you remember to grant access? 
[info] 
[info] i  Action required: Visit this URL to ensure access has been granted to the appropriate organization(s) for the Firebase CLI GitHub OAuth App: 
[info] https://github.com/settings/connections/applications/89cf50f02ac6aaed3484
[info] 
[debug] [2025-07-28T07:44:37.216Z] >>> [apiv2][query] GET https://api.github.com/repos/narahariabhinav/narahariabhinav.github.io/actions/secrets/public-key type=owner
[debug] [2025-07-28T07:44:37.658Z] <<< [apiv2][status] GET https://api.github.com/repos/narahariabhinav/narahariabhinav.github.io/actions/secrets/public-key 404
[debug] [2025-07-28T07:44:37.659Z] <<< [apiv2][body] GET https://api.github.com/repos/narahariabhinav/narahariabhinav.github.io/actions/secrets/public-key {"message":"Not Found","documentation_url":"https://docs.github.com/rest/actions/secrets#get-a-repository-public-key","status":"404"}
[info] 
[info] 
[error] !  The provided authorization cannot be used with this repository. If this repository is in an organization, did you remember to grant access? 
[info] 
[info] i  Action required: Visit this URL to ensure access has been granted to the appropriate organization(s) for the Firebase CLI GitHub OAuth App: 
[info] https://github.com/settings/connections/applications/89cf50f02ac6aaed3484
[info] 
